2025-09-29 15:03:24,462 - resync.core.agent_manager - INFO - Initializing AgentManager.
2025-09-29 15:03:24,464 - resync.core.audit_lock - INFO - DistributedAuditLock initialized with Redis at redis://localhost:6379
2025-09-29 15:03:24,465 - resync.core.audit_lock - INFO - DistributedAuditLock initialized with Redis at redis://localhost:6379
2025-09-29 15:03:24,465 - resync.core.audit_queue - INFO - AsyncAuditQueue initialized with Redis at redis://localhost:6379
2025-09-29 15:03:24,466 - resync.core.di_container - INFO - DIContainer initialized
2025-09-29 15:03:40,316 - resync.core.agent_manager - INFO - Initializing AgentManager.
2025-09-29 15:03:40,318 - resync.core.audit_lock - INFO - DistributedAuditLock initialized with Redis at redis://localhost:6379
2025-09-29 15:03:40,318 - resync.core.audit_lock - INFO - DistributedAuditLock initialized with Redis at redis://localhost:6379
2025-09-29 15:03:40,318 - resync.core.audit_queue - INFO - AsyncAuditQueue initialized with Redis at redis://localhost:6379
2025-09-29 15:03:40,319 - resync.core.di_container - INFO - DIContainer initialized
2025-09-29 15:03:40,899 - resync.core.fastapi_di - INFO - DI container configured with all service registrations
2025-09-29 15:03:40,900 - resync.core.fastapi_di - INFO - DI container injected into FastAPI application
2025-09-29 15:03:49,466 - resync.core.fastapi_di - INFO - DI container configured with all service registrations
2025-09-29 15:03:49,467 - resync.core.fastapi_di - INFO - DI container injected into FastAPI application
2025-09-29 15:06:18,882 - resync.core.fastapi_di - INFO - DI container configured with all service registrations
2025-09-29 15:06:18,882 - resync.core.fastapi_di - INFO - DI container injected into FastAPI application
2025-09-29 15:22:24,575 - resync.core.fastapi_di - INFO - DI container configured with all service registrations
2025-09-29 15:22:24,575 - resync.core.fastapi_di - INFO - DI container injected into FastAPI application
2025-09-29 15:23:20,309 - resync.core.fastapi_di - INFO - DI container configured with all service registrations
2025-09-29 15:23:20,309 - resync.core.fastapi_di - INFO - DI container injected into FastAPI application
